[ 2015-05-07T00:25:15+08:00 ] 183.239.133.126 /3595/wwwroot.rar
INFO: [ app_init ] --START--
INFO: Run Behavior\BuildLiteBehavior [ RunTime:0.000015s ]
INFO: [ app_init ] --END-- [ RunTime:0.000237s ]
ERR: 无法加载模块:3595

[ 2015-05-07T01:13:34+08:00 ] 183.239.133.126 /3595/web.zip
INFO: [ app_init ] --START--
INFO: Run Behavior\BuildLiteBehavior [ RunTime:0.000035s ]
INFO: [ app_init ] --END-- [ RunTime:0.000431s ]
ERR: 无法加载模块:3595

[ 2015-05-07T01:17:07+08:00 ] 122.225.110.102 /ClientLogin.html
INFO: [ app_init ] --START--
INFO: Run Behavior\BuildLiteBehavior [ RunTime:0.000025s ]
INFO: [ app_init ] --END-- [ RunTime:0.000426s ]
ERR: 无法加载模块:ClientLogin

[ 2015-05-07T01:23:30+08:00 ] 183.239.133.126 /3595/bbs.zip
INFO: [ app_init ] --START--
INFO: Run Behavior\BuildLiteBehavior [ RunTime:0.000026s ]
INFO: [ app_init ] --END-- [ RunTime:0.000430s ]
ERR: 无法加载模块:3595

[ 2015-05-07T01:53:12+08:00 ] 113.224.68.70 /favicon.ico
INFO: [ app_init ] --START--
INFO: Run Behavior\BuildLiteBehavior [ RunTime:0.000026s ]
INFO: [ app_init ] --END-- [ RunTime:0.000427s ]
ERR: 无法加载模块:Favicon
NOTIC: [2] include(): http:// wrapper is disabled in the server configuration by allow_url_include=0 /home/www/php/main_page/huodong/ThinkPHP/Library/Think/Think.class.php 第 314 行.
NOTIC: [2] include(http://www.3595.com/ThinkPHP/Tpl/404_Erro.html): failed to open stream: no suitable wrapper could be found /home/www/php/main_page/huodong/ThinkPHP/Library/Think/Think.class.php 第 314 行.
NOTIC: [2] include(): Failed opening 'http://www.3595.com/ThinkPHP/Tpl/404_Erro.html' for inclusion (include_path='.:/usr/share/pear:/usr/share/php') /home/www/php/main_page/huodong/ThinkPHP/Library/Think/Think.class.php 第 314 行.

[ 2015-05-07T02:44:54+08:00 ] 183.239.133.126 /sql.rar
INFO: [ app_init ] --START--
INFO: Run Behavior\BuildLiteBehavior [ RunTime:0.000025s ]
INFO: [ app_init ] --END-- [ RunTime:0.000427s ]
ERR: 无法加载模块:Sql

[ 2015-05-07T03:24:31+08:00 ] 183.239.133.126 /sf.rar
INFO: [ app_init ] --START--
INFO: Run Behavior\BuildLiteBehavior [ RunTime:0.000025s ]
INFO: [ app_init ] --END-- [ RunTime:0.000417s ]
ERR: 无法加载模块:Sf

[ 2015-05-07T09:23:30+08:00 ] 113.116.60.107 /favicon.ico
ERR: 无法加载模块:Favicon

[ 2015-05-07T09:31:37+08:00 ] 113.116.60.107 /favicon.ico
ERR: 无法加载模块:Favicon

[ 2015-05-07T09:33:29+08:00 ] 183.11.20.34 /favicon.ico
ERR: 无法加载模块:Favicon

[ 2015-05-07T09:54:19+08:00 ] 222.247.170.149 /favicon.ico
INFO: [ app_init ] --START--
INFO: Run Behavior\BuildLiteBehavior [ RunTime:0.000025s ]
INFO: [ app_init ] --END-- [ RunTime:0.000428s ]
ERR: 无法加载模块:Favicon
NOTIC: [2] include(): http:// wrapper is disabled in the server configuration by allow_url_include=0 /home/www/php/main_page/huodong/ThinkPHP/Library/Think/Think.class.php 第 314 行.
NOTIC: [2] include(http://www.3595.com/ThinkPHP/Tpl/404_Erro.html): failed to open stream: no suitable wrapper could be found /home/www/php/main_page/huodong/ThinkPHP/Library/Think/Think.class.php 第 314 行.
NOTIC: [2] include(): Failed opening 'http://www.3595.com/ThinkPHP/Tpl/404_Erro.html' for inclusion (include_path='.:/usr/share/pear:/usr/share/php') /home/www/php/main_page/huodong/ThinkPHP/Library/Think/Think.class.php 第 314 行.

[ 2015-05-07T09:58:37+08:00 ] 113.116.60.107 /favicon.ico
ERR: 无法加载模块:Favicon

[ 2015-05-07T10:09:54+08:00 ] 116.9.93.51 /favicon.ico
INFO: [ app_init ] --START--
INFO: Run Behavior\BuildLiteBehavior [ RunTime:0.000026s ]
INFO: [ app_init ] --END-- [ RunTime:0.000457s ]
ERR: 无法加载模块:Favicon
NOTIC: [2] include(): http:// wrapper is disabled in the server configuration by allow_url_include=0 /home/www/php/main_page/huodong/ThinkPHP/Library/Think/Think.class.php 第 314 行.
NOTIC: [2] include(http://www.3595.com/ThinkPHP/Tpl/404_Erro.html): failed to open stream: no suitable wrapper could be found /home/www/php/main_page/huodong/ThinkPHP/Library/Think/Think.class.php 第 314 行.
NOTIC: [2] include(): Failed opening 'http://www.3595.com/ThinkPHP/Tpl/404_Erro.html' for inclusion (include_path='.:/usr/share/pear:/usr/share/php') /home/www/php/main_page/huodong/ThinkPHP/Library/Think/Think.class.php 第 314 行.

[ 2015-05-07T12:12:20+08:00 ] 183.252.52.218 /favicon.ico
ERR: 无法加载模块:Favicon

[ 2015-05-07T12:21:02+08:00 ] 183.54.80.18 /favicon.ico
ERR: 无法加载模块:Favicon

[ 2015-05-07T12:24:34+08:00 ] 203.208.60.199 /robots.txt
INFO: [ app_init ] --START--
INFO: Run Behavior\BuildLiteBehavior [ RunTime:0.000027s ]
INFO: [ app_init ] --END-- [ RunTime:0.000441s ]
ERR: 无法加载模块:Robots
NOTIC: [2] include(): http:// wrapper is disabled in the server configuration by allow_url_include=0 /home/www/php/main_page/huodong/ThinkPHP/Library/Think/Think.class.php 第 314 行.
NOTIC: [2] include(http://www.3595.com/ThinkPHP/Tpl/404_Erro.html): failed to open stream: no suitable wrapper could be found /home/www/php/main_page/huodong/ThinkPHP/Library/Think/Think.class.php 第 314 行.
NOTIC: [2] include(): Failed opening 'http://www.3595.com/ThinkPHP/Tpl/404_Erro.html' for inclusion (include_path='.:/usr/share/pear:/usr/share/php') /home/www/php/main_page/huodong/ThinkPHP/Library/Think/Think.class.php 第 314 行.

[ 2015-05-07T12:32:02+08:00 ] 117.168.52.33 /favicon.ico
ERR: 无法加载模块:Favicon

[ 2015-05-07T12:52:51+08:00 ] 183.14.35.162 /favicon.ico
ERR: 无法加载模块:Favicon

[ 2015-05-07T13:29:51+08:00 ] 218.30.103.69 /robots.txt
INFO: [ app_init ] --START--
INFO: Run Behavior\BuildLiteBehavior [ RunTime:0.000025s ]
INFO: [ app_init ] --END-- [ RunTime:0.000428s ]
ERR: 无法加载模块:Robots
NOTIC: [2] include(): http:// wrapper is disabled in the server configuration by allow_url_include=0 /home/www/php/main_page/huodong/ThinkPHP/Library/Think/Think.class.php 第 314 行.
NOTIC: [2] include(http://www.3595.com/ThinkPHP/Tpl/404_Erro.html): failed to open stream: no suitable wrapper could be found /home/www/php/main_page/huodong/ThinkPHP/Library/Think/Think.class.php 第 314 行.
NOTIC: [2] include(): Failed opening 'http://www.3595.com/ThinkPHP/Tpl/404_Erro.html' for inclusion (include_path='.:/usr/share/pear:/usr/share/php') /home/www/php/main_page/huodong/ThinkPHP/Library/Think/Think.class.php 第 314 行.

[ 2015-05-07T14:14:22+08:00 ] 113.116.60.107 /favicon.ico
ERR: 无法加载模块:Favicon

