[ 2015-05-02T18:28:40+08:00 ] 183.164.232.82 /www.rar
INFO: [ app_init ] --START--
INFO: Run Behavior\BuildLiteBehavior [ RunTime:0.000014s ]
INFO: [ app_init ] --END-- [ RunTime:0.000232s ]
ERR: 无法加载模块:Www

[ 2015-05-02T19:09:06+08:00 ] 183.164.232.82 /db.zip
INFO: [ app_init ] --START--
INFO: Run Behavior\BuildLiteBehavior [ RunTime:0.000026s ]
INFO: [ app_init ] --END-- [ RunTime:0.000423s ]
ERR: 无法加载模块:Db

[ 2015-05-02T19:28:46+08:00 ] 101.233.30.253 /favicon.ico
ERR: 无法加载模块:Favicon

[ 2015-05-02T20:20:11+08:00 ] 113.12.30.227 /favicon.ico
INFO: [ app_init ] --START--
INFO: Run Behavior\BuildLiteBehavior [ RunTime:0.000027s ]
INFO: [ app_init ] --END-- [ RunTime:0.000440s ]
ERR: 无法加载模块:Favicon
NOTIC: [2] include(): http:// wrapper is disabled in the server configuration by allow_url_include=0 /home/www/php/main_page/huodong/ThinkPHP/Library/Think/Think.class.php 第 314 行.
NOTIC: [2] include(http://www.3595.com/ThinkPHP/Tpl/404_Erro.html): failed to open stream: no suitable wrapper could be found /home/www/php/main_page/huodong/ThinkPHP/Library/Think/Think.class.php 第 314 行.
NOTIC: [2] include(): Failed opening 'http://www.3595.com/ThinkPHP/Tpl/404_Erro.html' for inclusion (include_path='.:/usr/share/pear:/usr/share/php') /home/www/php/main_page/huodong/ThinkPHP/Library/Think/Think.class.php 第 314 行.

[ 2015-05-02T20:26:56+08:00 ] 183.164.232.82 /mhj3595com1.rar
INFO: [ app_init ] --START--
INFO: Run Behavior\BuildLiteBehavior [ RunTime:0.000025s ]
INFO: [ app_init ] --END-- [ RunTime:0.000439s ]
ERR: 无法加载模块:Mhj3595com1

[ 2015-05-02T20:35:36+08:00 ] 116.76.123.88 /favicon.ico
ERR: 无法加载模块:Favicon

[ 2015-05-02T21:03:21+08:00 ] 183.151.52.230 /favicon.ico
INFO: [ app_init ] --START--
INFO: Run Behavior\BuildLiteBehavior [ RunTime:0.000049s ]
INFO: [ app_init ] --END-- [ RunTime:0.000648s ]
ERR: 无法加载模块:Favicon
NOTIC: [2] include(): http:// wrapper is disabled in the server configuration by allow_url_include=0 /home/www/php/main_page/huodong/ThinkPHP/Library/Think/Think.class.php 第 314 行.
NOTIC: [2] include(http://www.3595.com/ThinkPHP/Tpl/404_Erro.html): failed to open stream: no suitable wrapper could be found /home/www/php/main_page/huodong/ThinkPHP/Library/Think/Think.class.php 第 314 行.
NOTIC: [2] include(): Failed opening 'http://www.3595.com/ThinkPHP/Tpl/404_Erro.html' for inclusion (include_path='.:/usr/share/pear:/usr/share/php') /home/www/php/main_page/huodong/ThinkPHP/Library/Think/Think.class.php 第 314 行.

[ 2015-05-02T21:03:47+08:00 ] 183.151.52.230 /favicon.ico
INFO: [ app_init ] --START--
INFO: Run Behavior\BuildLiteBehavior [ RunTime:0.000039s ]
INFO: [ app_init ] --END-- [ RunTime:0.000652s ]
ERR: 无法加载模块:Favicon
NOTIC: [2] include(): http:// wrapper is disabled in the server configuration by allow_url_include=0 /home/www/php/main_page/huodong/ThinkPHP/Library/Think/Think.class.php 第 314 行.
NOTIC: [2] include(http://www.3595.com/ThinkPHP/Tpl/404_Erro.html): failed to open stream: no suitable wrapper could be found /home/www/php/main_page/huodong/ThinkPHP/Library/Think/Think.class.php 第 314 行.
NOTIC: [2] include(): Failed opening 'http://www.3595.com/ThinkPHP/Tpl/404_Erro.html' for inclusion (include_path='.:/usr/share/pear:/usr/share/php') /home/www/php/main_page/huodong/ThinkPHP/Library/Think/Think.class.php 第 314 行.

[ 2015-05-02T21:03:47+08:00 ] 183.151.52.230 /favicon.ico
INFO: [ app_init ] --START--
INFO: Run Behavior\BuildLiteBehavior [ RunTime:0.000024s ]
INFO: [ app_init ] --END-- [ RunTime:0.000413s ]
ERR: 无法加载模块:Favicon
NOTIC: [2] include(): http:// wrapper is disabled in the server configuration by allow_url_include=0 /home/www/php/main_page/huodong/ThinkPHP/Library/Think/Think.class.php 第 314 行.
NOTIC: [2] include(http://www.3595.com/ThinkPHP/Tpl/404_Erro.html): failed to open stream: no suitable wrapper could be found /home/www/php/main_page/huodong/ThinkPHP/Library/Think/Think.class.php 第 314 行.
NOTIC: [2] include(): Failed opening 'http://www.3595.com/ThinkPHP/Tpl/404_Erro.html' for inclusion (include_path='.:/usr/share/pear:/usr/share/php') /home/www/php/main_page/huodong/ThinkPHP/Library/Think/Think.class.php 第 314 行.

[ 2015-05-02T21:03:54+08:00 ] 183.151.52.230 /favicon.ico
INFO: [ app_init ] --START--
INFO: Run Behavior\BuildLiteBehavior [ RunTime:0.000027s ]
INFO: [ app_init ] --END-- [ RunTime:0.000428s ]
ERR: 无法加载模块:Favicon
NOTIC: [2] include(): http:// wrapper is disabled in the server configuration by allow_url_include=0 /home/www/php/main_page/huodong/ThinkPHP/Library/Think/Think.class.php 第 314 行.
NOTIC: [2] include(http://www.3595.com/ThinkPHP/Tpl/404_Erro.html): failed to open stream: no suitable wrapper could be found /home/www/php/main_page/huodong/ThinkPHP/Library/Think/Think.class.php 第 314 行.
NOTIC: [2] include(): Failed opening 'http://www.3595.com/ThinkPHP/Tpl/404_Erro.html' for inclusion (include_path='.:/usr/share/pear:/usr/share/php') /home/www/php/main_page/huodong/ThinkPHP/Library/Think/Think.class.php 第 314 行.

[ 2015-05-02T21:03:55+08:00 ] 183.151.52.230 /favicon.ico
INFO: [ app_init ] --START--
INFO: Run Behavior\BuildLiteBehavior [ RunTime:0.000025s ]
INFO: [ app_init ] --END-- [ RunTime:0.000420s ]
ERR: 无法加载模块:Favicon
NOTIC: [2] include(): http:// wrapper is disabled in the server configuration by allow_url_include=0 /home/www/php/main_page/huodong/ThinkPHP/Library/Think/Think.class.php 第 314 行.
NOTIC: [2] include(http://www.3595.com/ThinkPHP/Tpl/404_Erro.html): failed to open stream: no suitable wrapper could be found /home/www/php/main_page/huodong/ThinkPHP/Library/Think/Think.class.php 第 314 行.
NOTIC: [2] include(): Failed opening 'http://www.3595.com/ThinkPHP/Tpl/404_Erro.html' for inclusion (include_path='.:/usr/share/pear:/usr/share/php') /home/www/php/main_page/huodong/ThinkPHP/Library/Think/Think.class.php 第 314 行.

[ 2015-05-02T21:08:34+08:00 ] 223.73.178.11 /favicon.ico
INFO: [ app_init ] --START--
INFO: Run Behavior\BuildLiteBehavior [ RunTime:0.000027s ]
INFO: [ app_init ] --END-- [ RunTime:0.000431s ]
ERR: 无法加载模块:Favicon
NOTIC: [2] include(): http:// wrapper is disabled in the server configuration by allow_url_include=0 /home/www/php/main_page/huodong/ThinkPHP/Library/Think/Think.class.php 第 314 行.
NOTIC: [2] include(http://www.3595.com/ThinkPHP/Tpl/404_Erro.html): failed to open stream: no suitable wrapper could be found /home/www/php/main_page/huodong/ThinkPHP/Library/Think/Think.class.php 第 314 行.
NOTIC: [2] include(): Failed opening 'http://www.3595.com/ThinkPHP/Tpl/404_Erro.html' for inclusion (include_path='.:/usr/share/pear:/usr/share/php') /home/www/php/main_page/huodong/ThinkPHP/Library/Think/Think.class.php 第 314 行.

[ 2015-05-02T21:12:26+08:00 ] 223.73.178.11 /favicon.ico
INFO: [ app_init ] --START--
INFO: Run Behavior\BuildLiteBehavior [ RunTime:0.000026s ]
INFO: [ app_init ] --END-- [ RunTime:0.000439s ]
ERR: 无法加载模块:Favicon
NOTIC: [2] include(): http:// wrapper is disabled in the server configuration by allow_url_include=0 /home/www/php/main_page/huodong/ThinkPHP/Library/Think/Think.class.php 第 314 行.
NOTIC: [2] include(http://www.3595.com/ThinkPHP/Tpl/404_Erro.html): failed to open stream: no suitable wrapper could be found /home/www/php/main_page/huodong/ThinkPHP/Library/Think/Think.class.php 第 314 行.
NOTIC: [2] include(): Failed opening 'http://www.3595.com/ThinkPHP/Tpl/404_Erro.html' for inclusion (include_path='.:/usr/share/pear:/usr/share/php') /home/www/php/main_page/huodong/ThinkPHP/Library/Think/Think.class.php 第 314 行.

[ 2015-05-02T21:12:48+08:00 ] 223.73.178.11 /favicon.ico
INFO: [ app_init ] --START--
INFO: Run Behavior\BuildLiteBehavior [ RunTime:0.000025s ]
INFO: [ app_init ] --END-- [ RunTime:0.000442s ]
ERR: 无法加载模块:Favicon
NOTIC: [2] include(): http:// wrapper is disabled in the server configuration by allow_url_include=0 /home/www/php/main_page/huodong/ThinkPHP/Library/Think/Think.class.php 第 314 行.
NOTIC: [2] include(http://www.3595.com/ThinkPHP/Tpl/404_Erro.html): failed to open stream: no suitable wrapper could be found /home/www/php/main_page/huodong/ThinkPHP/Library/Think/Think.class.php 第 314 行.
NOTIC: [2] include(): Failed opening 'http://www.3595.com/ThinkPHP/Tpl/404_Erro.html' for inclusion (include_path='.:/usr/share/pear:/usr/share/php') /home/www/php/main_page/huodong/ThinkPHP/Library/Think/Think.class.php 第 314 行.

[ 2015-05-02T21:13:48+08:00 ] 223.73.178.11 /favicon.ico
INFO: [ app_init ] --START--
INFO: Run Behavior\BuildLiteBehavior [ RunTime:0.000026s ]
INFO: [ app_init ] --END-- [ RunTime:0.000420s ]
ERR: 无法加载模块:Favicon
NOTIC: [2] include(): http:// wrapper is disabled in the server configuration by allow_url_include=0 /home/www/php/main_page/huodong/ThinkPHP/Library/Think/Think.class.php 第 314 行.
NOTIC: [2] include(http://www.3595.com/ThinkPHP/Tpl/404_Erro.html): failed to open stream: no suitable wrapper could be found /home/www/php/main_page/huodong/ThinkPHP/Library/Think/Think.class.php 第 314 行.
NOTIC: [2] include(): Failed opening 'http://www.3595.com/ThinkPHP/Tpl/404_Erro.html' for inclusion (include_path='.:/usr/share/pear:/usr/share/php') /home/www/php/main_page/huodong/ThinkPHP/Library/Think/Think.class.php 第 314 行.

[ 2015-05-02T22:03:02+08:00 ] 183.164.232.82 /mhj.3595.com.rar
INFO: [ app_init ] --START--
INFO: Run Behavior\BuildLiteBehavior [ RunTime:0.000026s ]
INFO: [ app_init ] --END-- [ RunTime:0.000437s ]
ERR: 无法加载模块:Mhj.3595.com

[ 2015-05-02T23:34:05+08:00 ] 125.94.81.79 /favicon.ico
ERR: 无法加载模块:Favicon

[ 2015-05-02T23:34:08+08:00 ] 125.94.81.79 /favicon.ico
ERR: 无法加载模块:Favicon

[ 2015-05-02T23:53:09+08:00 ] 113.92.189.253 /favicon.ico
ERR: 无法加载模块:Favicon

[ 2015-05-02T23:53:13+08:00 ] 113.92.189.253 /favicon.ico
ERR: 无法加载模块:Favicon

